<?xml version="1.0" encoding="UTF-8"?>
<testsuite xmlns:xsi="http://www.w3.org/2001/XMLSchema-instance" xsi:noNamespaceSchemaLocation="https://maven.apache.org/surefire/maven-surefire-plugin/xsd/surefire-test-report-3.0.xsd" version="3.0" name="com.skillshare.SkillshareApplicationTests" time="12.512" tests="1" errors="0" skipped="0" failures="0">
  <properties>
[...]
</properties>
  <testcase name="contextLoads" classname="com.skillshare.SkillshareApplicationTests" time="1.915">
    <system-out><![CDATA[17:20:37.568 [main] INFO org.springframework.test.context.support.AnnotationConfigContextLoaderUtils -- Could not detect default configuration classes for test class [com.skillshare.SkillshareApplicationTests]: SkillshareApplicationTests does not declare any static, non-private, non-final, nested classes annotated with @Configuration.
17:20:37.928 [main] INFO org.springframework.boot.test.context.SpringBootTestContextBootstrapper -- Found @SpringBootConfiguration com.skillshare.SkillshareApplication for test class com.skillshare.SkillshareApplicationTests

  .   ____          _            __ _ _
 /\\ / ___'_ __ _ _(_)_ __  __ _ \ \ \ \
( ( )\___ | '_ | '_| | '_ \/ _` | \ \ \ \
 \\/  ___)| |_)| | | | | || (_| |  ) ) ) )
  '  |____| .__|_| |_|_| |_\__, | / / / /
 =========|_|==============|___/=/_/_/_/
 :: Spring Boot ::                (v3.2.3)

2025-05-13T17:20:38.888+05:30  INFO 9272 --- [           main] c.skillshare.SkillshareApplicationTests  : Starting SkillshareApplicationTests using Java 23.0.2 with PID 9272 (started by Dinusha PC in C:\SLIIT\Modules\Y3S2\PAF\Skillshare\backend)
2025-05-13T17:20:38.889+05:30 DEBUG 9272 --- [           main] c.skillshare.SkillshareApplicationTests  : Running with Spring Boot v3.2.3, Spring v6.1.4
2025-05-13T17:20:38.890+05:30  INFO 9272 --- [           main] c.skillshare.SkillshareApplicationTests  : The following 1 profile is active: "test"
2025-05-13T17:20:38.970+05:30 DEBUG 9272 --- [           main] o.s.w.c.s.GenericWebApplicationContext   : Refreshing org.springframework.web.context.support.GenericWebApplicationContext@33aa93c
2025-05-13T17:20:40.111+05:30  INFO 9272 --- [           main] .s.d.r.c.RepositoryConfigurationDelegate : Bootstrapping Spring Data MongoDB repositories in DEFAULT mode.
2025-05-13T17:20:40.244+05:30  INFO 9272 --- [           main] .s.d.r.c.RepositoryConfigurationDelegate : Finished Spring Data repository scanning in 124 ms. Found 7 MongoDB repository interfaces.
2025-05-13T17:20:42.007+05:30  INFO 9272 --- [           main] org.mongodb.driver.client                : MongoClient with metadata {"driver": {"name": "mongo-java-driver|sync|spring-boot", "version": "4.11.1"}, "os": {"type": "Windows", "name": "Windows 11", "architecture": "amd64", "version": "10.0"}, "platform": "Java/Oracle Corporation/23.0.2+7-58"} created with settings MongoClientSettings{readPreference=primary, writeConcern=WriteConcern{w=null, wTimeout=null ms, journal=null}, retryWrites=true, retryReads=true, readConcern=ReadConcern{level=null}, credential=MongoCredential{mechanism=null, userName='daviroxdj67', source='admin', password=<hidden>, mechanismProperties=<hidden>}, transportSettings=null, streamFactoryFactory=null, commandListeners=[], codecRegistry=ProvidersCodecRegistry{codecProviders=[ValueCodecProvider{}, BsonValueCodecProvider{}, DBRefCodecProvider{}, DBObjectCodecProvider{}, DocumentCodecProvider{}, CollectionCodecProvider{}, IterableCodecProvider{}, MapCodecProvider{}, GeoJsonCodecProvider{}, GridFSFileCodecProvider{}, Jsr310CodecProvider{}, JsonObjectCodecProvider{}, BsonCodecProvider{}, EnumCodecProvider{}, com.mongodb.client.model.mql.ExpressionCodecProvider@202d9236, com.mongodb.Jep395RecordCodecProvider@1f782c05, com.mongodb.KotlinCodecProvider@6d6ac396]}, loggerSettings=LoggerSettings{maxDocumentLength=1000}, clusterSettings={hosts=[127.0.0.1:27017], srvHost=cluster.lmm8oyf.mongodb.net, srvServiceName=mongodb, mode=MULTIPLE, requiredClusterType=REPLICA_SET, requiredReplicaSetName='atlas-yg8ycx-shard-0', serverSelector='null', clusterListeners='[]', serverSelectionTimeout='30000 ms', localThreshold='15 ms'}, socketSettings=SocketSettings{connectTimeoutMS=10000, readTimeoutMS=0, receiveBufferSize=0, proxySettings=ProxySettings{host=null, port=null, username=null, password=null}}, heartbeatSocketSettings=SocketSettings{connectTimeoutMS=10000, readTimeoutMS=10000, receiveBufferSize=0, proxySettings=ProxySettings{host=null, port=null, username=null, password=null}}, connectionPoolSettings=ConnectionPoolSettings{maxSize=100, minSize=0, maxWaitTimeMS=120000, maxConnectionLifeTimeMS=0, maxConnectionIdleTimeMS=0, maintenanceInitialDelayMS=0, maintenanceFrequencyMS=60000, connectionPoolListeners=[], maxConnecting=2}, serverSettings=ServerSettings{heartbeatFrequencyMS=10000, minHeartbeatFrequencyMS=500, serverListeners='[]', serverMonitorListeners='[]'}, sslSettings=SslSettings{enabled=true, invalidHostNameAllowed=false, context=null}, applicationName='null', compressorList=[], uuidRepresentation=JAVA_LEGACY, serverApi=null, autoEncryptionSettings=null, dnsClient=null, inetAddressResolver=null, contextProvider=null}
2025-05-13T17:20:42.036+05:30  INFO 9272 --- [oyf.mongodb.net] org.mongodb.driver.cluster               : Adding discovered server ac-vrjgell-shard-00-02.lmm8oyf.mongodb.net:27017 to client view of cluster
2025-05-13T17:20:42.072+05:30  INFO 9272 --- [oyf.mongodb.net] org.mongodb.driver.cluster               : Adding discovered server ac-vrjgell-shard-00-01.lmm8oyf.mongodb.net:27017 to client view of cluster
2025-05-13T17:20:42.083+05:30  INFO 9272 --- [oyf.mongodb.net] org.mongodb.driver.cluster               : Adding discovered server ac-vrjgell-shard-00-00.lmm8oyf.mongodb.net:27017 to client view of cluster
2025-05-13T17:20:44.290+05:30 DEBUG 9272 --- [           main] .m.c.i.MongoPersistentEntityIndexCreator : Analyzing class class com.skillshare.model.LearningProgress for index information
2025-05-13T17:20:44.322+05:30 DEBUG 9272 --- [           main] .m.c.i.MongoPersistentEntityIndexCreator : Analyzing class class com.skillshare.model.Feed for index information
2025-05-13T17:20:44.324+05:30 DEBUG 9272 --- [           main] .m.c.i.MongoPersistentEntityIndexCreator : Analyzing class class com.skillshare.model.Notification for index information
2025-05-13T17:20:44.325+05:30 DEBUG 9272 --- [           main] .m.c.i.MongoPersistentEntityIndexCreator : Analyzing class class com.skillshare.model.User for index information
2025-05-13T17:20:44.327+05:30 DEBUG 9272 --- [           main] .m.c.i.MongoPersistentEntityIndexCreator : Analyzing class class com.skillshare.model.LearningPlan for index information
2025-05-13T17:20:44.331+05:30 DEBUG 9272 --- [           main] .m.c.i.MongoPersistentEntityIndexCreator : Analyzing class class com.skillshare.model.Comment for index information
2025-05-13T17:20:44.334+05:30 DEBUG 9272 --- [           main] .m.c.i.MongoPersistentEntityIndexCreator : Analyzing class class com.skillshare.model.Post for index information
2025-05-13T17:20:45.108+05:30 TRACE 9272 --- [           main] eGlobalAuthenticationAutowiredConfigurer : Eagerly initializing {securityConfig=com.skillshare.config.SecurityConfig$$SpringCGLIB$$0@49cc9b2a}
2025-05-13T17:20:45.538+05:30  INFO 9272 --- [ngodb.net:27017] org.mongodb.driver.cluster               : Monitor thread successfully connected to server with description ServerDescription{address=ac-vrjgell-shard-00-02.lmm8oyf.mongodb.net:27017, type=REPLICA_SET_SECONDARY, state=CONNECTED, ok=true, minWireVersion=0, maxWireVersion=25, maxDocumentSize=16777216, logicalSessionTimeoutMinutes=30, roundTripTimeNanos=1108422300, setName='atlas-yg8ycx-shard-0', canonicalAddress=ac-vrjgell-shard-00-02.lmm8oyf.mongodb.net:27017, hosts=[ac-vrjgell-shard-00-01.lmm8oyf.mongodb.net:27017, ac-vrjgell-shard-00-00.lmm8oyf.mongodb.net:27017, ac-vrjgell-shard-00-02.lmm8oyf.mongodb.net:27017], passives=[], arbiters=[], primary='ac-vrjgell-shard-00-01.lmm8oyf.mongodb.net:27017', tagSet=TagSet{[Tag{name='availabilityZone', value='aps1-az2'}, Tag{name='diskState', value='READY'}, Tag{name='nodeType', value='ELECTABLE'}, Tag{name='provider', value='AWS'}, Tag{name='region', value='AP_SOUTH_1'}, Tag{name='workloadType', value='OPERATIONAL'}]}, electionId=null, setVersion=1, topologyVersion=TopologyVersion{processId=6821d1990b526c1b65f1206d, counter=3}, lastWriteDate=Tue May 13 17:21:00 IST 2025, lastUpdateTimeNanos=6457340148100}
2025-05-13T17:20:45.538+05:30  INFO 9272 --- [ngodb.net:27017] org.mongodb.driver.cluster               : Monitor thread successfully connected to server with description ServerDescription{address=ac-vrjgell-shard-00-00.lmm8oyf.mongodb.net:27017, type=REPLICA_SET_SECONDARY, state=CONNECTED, ok=true, minWireVersion=0, maxWireVersion=25, maxDocumentSize=16777216, logicalSessionTimeoutMinutes=30, roundTripTimeNanos=1109006800, setName='atlas-yg8ycx-shard-0', canonicalAddress=ac-vrjgell-shard-00-00.lmm8oyf.mongodb.net:27017, hosts=[ac-vrjgell-shard-00-01.lmm8oyf.mongodb.net:27017, ac-vrjgell-shard-00-00.lmm8oyf.mongodb.net:27017, ac-vrjgell-shard-00-02.lmm8oyf.mongodb.net:27017], passives=[], arbiters=[], primary='ac-vrjgell-shard-00-01.lmm8oyf.mongodb.net:27017', tagSet=TagSet{[Tag{name='availabilityZone', value='aps1-az1'}, Tag{name='diskState', value='READY'}, Tag{name='nodeType', value='ELECTABLE'}, Tag{name='provider', value='AWS'}, Tag{name='region', value='AP_SOUTH_1'}, Tag{name='workloadType', value='OPERATIONAL'}]}, electionId=null, setVersion=1, topologyVersion=TopologyVersion{processId=6821ce3146c540a70f237c4b, counter=4}, lastWriteDate=Tue May 13 17:21:00 IST 2025, lastUpdateTimeNanos=6457340703500}
2025-05-13T17:20:45.556+05:30  INFO 9272 --- [ngodb.net:27017] org.mongodb.driver.cluster               : Monitor thread successfully connected to server with description ServerDescription{address=ac-vrjgell-shard-00-01.lmm8oyf.mongodb.net:27017, type=REPLICA_SET_PRIMARY, state=CONNECTED, ok=true, minWireVersion=0, maxWireVersion=25, maxDocumentSize=16777216, logicalSessionTimeoutMinutes=30, roundTripTimeNanos=1137593000, setName='atlas-yg8ycx-shard-0', canonicalAddress=ac-vrjgell-shard-00-01.lmm8oyf.mongodb.net:27017, hosts=[ac-vrjgell-shard-00-01.lmm8oyf.mongodb.net:27017, ac-vrjgell-shard-00-00.lmm8oyf.mongodb.net:27017, ac-vrjgell-shard-00-02.lmm8oyf.mongodb.net:27017], passives=[], arbiters=[], primary='ac-vrjgell-shard-00-01.lmm8oyf.mongodb.net:27017', tagSet=TagSet{[Tag{name='availabilityZone', value='aps1-az3'}, Tag{name='diskState', value='READY'}, Tag{name='nodeType', value='ELECTABLE'}, Tag{name='provider', value='AWS'}, Tag{name='region', value='AP_SOUTH_1'}, Tag{name='workloadType', value='OPERATIONAL'}]}, electionId=7fffffff000000000000009a, setVersion=1, topologyVersion=TopologyVersion{processId=6821cfc117740c0171411aac, counter=6}, lastWriteDate=Tue May 13 17:21:00 IST 2025, lastUpdateTimeNanos=6457365768500}
2025-05-13T17:20:45.558+05:30  INFO 9272 --- [ngodb.net:27017] org.mongodb.driver.cluster               : Discovered replica set primary ac-vrjgell-shard-00-01.lmm8oyf.mongodb.net:27017 with max election id 7fffffff000000000000009a and max set version 1
2025-05-13T17:20:46.401+05:30 DEBUG 9272 --- [           main] s.w.s.m.m.a.RequestMappingHandlerMapping : 45 mappings in 'requestMappingHandlerMapping'
2025-05-13T17:20:46.712+05:30 DEBUG 9272 --- [           main] o.s.w.s.handler.SimpleUrlHandlerMapping  : Patterns [/webjars/**, /uploads/**] in 'resourceHandlerMapping'
2025-05-13T17:20:46.835+05:30  INFO 9272 --- [           main] o.s.s.web.DefaultSecurityFilterChain     : Will secure any request with [org.springframework.security.web.session.DisableEncodeUrlFilter@59d5c537, org.springframework.security.web.context.request.async.WebAsyncManagerIntegrationFilter@5464b97c, org.springframework.security.web.context.SecurityContextHolderFilter@1b94c789, org.springframework.security.web.header.HeaderWriterFilter@1e29a81a, org.springframework.web.filter.CorsFilter@3355168, org.springframework.security.web.authentication.logout.LogoutFilter@2aac8ad7, org.springframework.security.oauth2.client.web.OAuth2AuthorizationRequestRedirectFilter@70d5d96b, org.springframework.security.oauth2.client.web.OAuth2LoginAuthenticationFilter@5611bba, com.skillshare.security.JwtAuthenticationFilter@2f07930a, org.springframework.security.web.authentication.ui.DefaultLoginPageGeneratingFilter@31693a86, org.springframework.security.web.authentication.ui.DefaultLogoutPageGeneratingFilter@580c17a0, org.springframework.security.web.savedrequest.RequestCacheAwareFilter@305aaedf, org.springframework.security.web.servletapi.SecurityContextHolderAwareRequestFilter@2a425cf5, org.springframework.security.web.authentication.AnonymousAuthenticationFilter@29d2fa84, org.springframework.security.web.session.SessionManagementFilter@4bbf20d1, org.springframework.security.web.access.ExceptionTranslationFilter@156324b, org.springframework.security.web.access.intercept.AuthorizationFilter@504b8705]
2025-05-13T17:20:47.237+05:30 DEBUG 9272 --- [           main] s.w.s.m.m.a.RequestMappingHandlerAdapter : ControllerAdvice beans: 0 @ModelAttribute, 0 @InitBinder, 1 RequestBodyAdvice, 1 ResponseBodyAdvice
2025-05-13T17:20:47.292+05:30 DEBUG 9272 --- [           main] .m.m.a.ExceptionHandlerExceptionResolver : ControllerAdvice beans: 0 @ExceptionHandler, 1 ResponseBodyAdvice
2025-05-13T17:20:47.530+05:30  INFO 9272 --- [           main] c.skillshare.SkillshareApplicationTests  : Started SkillshareApplicationTests in 9.101 seconds (process running for 12.855)
]]></system-out>
    <system-err><![CDATA[WARNING: A Java agent has been loaded dynamically (C:\Users\Dinusha PC\.m2\repository\net\bytebuddy\byte-buddy-agent\1.14.12\byte-buddy-agent-1.14.12.jar)
WARNING: If a serviceability tool is in use, please run with -XX:+EnableDynamicAgentLoading to hide this warning
WARNING: If a serviceability tool is not in use, please run with -Djdk.instrument.traceUsage for more information
WARNING: Dynamic loading of agents will be disallowed by default in a future release
]]></system-err>
  </testcase>
</testsuite>